c:\users\marco\documents\github\pixelmixer\pixelmixer\pixelmixer\x64\release\vc143.pdb
c:\users\marco\documents\github\pixelmixer\pixelmixer\pixelmixer\x64\release\app.obj
c:\users\marco\documents\github\pixelmixer\pixelmixer\pixelmixer\x64\release\mainframe.obj
c:\users\marco\documents\github\pixelmixer\pixelmixer\pixelmixer\x64\release\headerpanel.obj
c:\users\marco\documents\github\pixelmixer\pixelmixer\pixelmixer\x64\release\configpanel.obj
c:\users\marco\documents\github\pixelmixer\pixelmixer\pixelmixer\x64\release\vertexbuffer.obj
c:\users\marco\documents\github\pixelmixer\pixelmixer\pixelmixer\x64\release\vertexarray.obj
c:\users\marco\documents\github\pixelmixer\pixelmixer\pixelmixer\x64\release\stb_image.obj
c:\users\marco\documents\github\pixelmixer\pixelmixer\pixelmixer\x64\release\glm.obj
c:\users\marco\documents\github\pixelmixer\pixelmixer\pixelmixer\x64\release\texture.obj
c:\users\marco\documents\github\pixelmixer\pixelmixer\pixelmixer\x64\release\shader.obj
c:\users\marco\documents\github\pixelmixer\pixelmixer\pixelmixer\x64\release\renderer.obj
c:\users\marco\documents\github\pixelmixer\pixelmixer\pixelmixer\x64\release\indexbuffer.obj
c:\users\marco\documents\github\pixelmixer\pixelmixer\x64\release\pixelmixer.exe
c:\users\marco\documents\github\pixelmixer\pixelmixer\pixelmixer\x64\release\pixelmixer.ipdb
c:\users\marco\documents\github\pixelmixer\pixelmixer\x64\release\pixelmixer.pdb
c:\users\marco\documents\github\pixelmixer\pixelmixer\pixelmixer\x64\release\pixelmixer.iobj
c:\users\marco\documents\github\pixelmixer\pixelmixer\pixelmixer\x64\release\pixelmixer.tlog\cl.command.1.tlog
c:\users\marco\documents\github\pixelmixer\pixelmixer\pixelmixer\x64\release\pixelmixer.tlog\cl.read.1.tlog
c:\users\marco\documents\github\pixelmixer\pixelmixer\pixelmixer\x64\release\pixelmixer.tlog\cl.write.1.tlog
c:\users\marco\documents\github\pixelmixer\pixelmixer\pixelmixer\x64\release\pixelmixer.tlog\link.command.1.tlog
c:\users\marco\documents\github\pixelmixer\pixelmixer\pixelmixer\x64\release\pixelmixer.tlog\link.read.1.tlog
c:\users\marco\documents\github\pixelmixer\pixelmixer\pixelmixer\x64\release\pixelmixer.tlog\link.write.1.tlog
