c:\users\marco\desktop\old\pixelmixer\pixelmixer\x64\debug\vc143.pdb
c:\users\marco\desktop\old\pixelmixer\pixelmixer\x64\debug\vc143.idb
c:\users\marco\desktop\old\pixelmixer\pixelmixer\x64\debug\viewportpanel.obj
c:\users\marco\desktop\old\pixelmixer\pixelmixer\x64\debug\stb_image.obj
c:\users\marco\desktop\old\pixelmixer\pixelmixer\x64\debug\app.obj
c:\users\marco\desktop\old\pixelmixer\pixelmixer\x64\debug\texture.obj
c:\users\marco\desktop\old\pixelmixer\pixelmixer\x64\debug\vertexarray.obj
c:\users\marco\desktop\old\pixelmixer\pixelmixer\x64\debug\statspanel.obj
c:\users\marco\desktop\old\pixelmixer\pixelmixer\x64\debug\textslider.obj
c:\users\marco\desktop\old\pixelmixer\pixelmixer\x64\debug\vertexbuffer.obj
c:\users\marco\desktop\old\pixelmixer\pixelmixer\x64\debug\shader.obj
c:\users\marco\desktop\old\pixelmixer\pixelmixer\x64\debug\indexbuffer.obj
c:\users\marco\desktop\old\pixelmixer\pixelmixer\x64\debug\mainframe.obj
c:\users\marco\desktop\old\pixelmixer\pixelmixer\x64\debug\renderer.obj
c:\users\marco\desktop\old\pixelmixer\pixelmixer\x64\debug\configtabs.obj
c:\users\marco\desktop\old\pixelmixer\pixelmixer\x64\debug\headerpanel.obj
c:\users\marco\desktop\old\pixelmixer\pixelmixer\x64\debug\configpanel.obj
c:\users\marco\desktop\old\pixelmixer\pixelmixer\x64\debug\inputpanel.obj
c:\users\marco\desktop\old\pixelmixer\pixelmixer\x64\debug\settingspanel.obj
c:\users\marco\desktop\old\pixelmixer\pixelmixer\x64\debug\framebuffer.obj
c:\users\marco\desktop\old\pixelmixer\pixelmixer\x64\debug\outputpanel.obj
c:\users\marco\desktop\old\pixelmixer\pixelmixer\x64\debug\button.obj
c:\users\marco\desktop\old\pixelmixer\pixelmixer\x64\debug\pixelmixer.ilk
c:\users\marco\desktop\old\pixelmixer\x64\debug\pixelmixer.exe
c:\users\marco\desktop\old\pixelmixer\x64\debug\pixelmixer.pdb
c:\users\marco\desktop\old\pixelmixer\pixelmixer\x64\debug\pixelmixer.tlog\cl.command.1.tlog
c:\users\marco\desktop\old\pixelmixer\pixelmixer\x64\debug\pixelmixer.tlog\cl.items.tlog
c:\users\marco\desktop\old\pixelmixer\pixelmixer\x64\debug\pixelmixer.tlog\cl.read.1.tlog
c:\users\marco\desktop\old\pixelmixer\pixelmixer\x64\debug\pixelmixer.tlog\cl.write.1.tlog
c:\users\marco\desktop\old\pixelmixer\pixelmixer\x64\debug\pixelmixer.tlog\link.command.1.tlog
c:\users\marco\desktop\old\pixelmixer\pixelmixer\x64\debug\pixelmixer.tlog\link.read.1.tlog
c:\users\marco\desktop\old\pixelmixer\pixelmixer\x64\debug\pixelmixer.tlog\link.write.1.tlog
